Arguments: 
  C:\Program Files\nodejs\node.exe C:\Program Files (x86)\Yarn\bin\yarn.js add express typescritp -D

PATH: 
  C:\Program Files\Git\mingw64\bin;C:\Program Files\Git\usr\bin;C:\Users\PauloBelucciBelucci\bin;C:\Program Files (x86)\Common Files\Oracle\Java\javapath;C:\instantclient_19_5;C:\Program Files (x86)\NetSarang\Xshell 6;C:\Program Files (x86)\NetSarang\Xftp 6;C:\WINDOWS;C:\WINDOWS\System32\Wbem;C:\WINDOWS\System32\WindowsPowerShell\v1.0;C:\WINDOWS\System32\OpenSSH;C:\Program Files\Git\cmd;C:\Program Files\nodejs;C:\Program Files (x86)\Yarn\bin;C:\Windows\System32;C:\Windows\System32\drivers\etc;C:\Users\PauloBelucciBelucci\codenation\JAVA-ONLINE\codenation.exe;C:\Program Files\Intel\WiFi\bin;C:\Program Files\Common Files\Intel\WirelessCommon;C:\Users\PauloBelucciBelucci\codenation\JAVA-ONLINE;C:\MinGW\bin;C:\Users\PauloBelucciBelucci\AppData\Local\Programs\Python\Python38-32\Scripts;C:\Program Files\Docker\Docker\resources\bin;C:\ProgramData\DockerDesktop\version-bin;C:\Program Files (x86)\Java\jre1.8.0_251\bin;C:\Program Files (x86)\Python38-32;C:\Program Files (x86)\Microsoft VS Code\bin;C:\Users\PauloBelucciBelucci\codenation\JAVA-ONLINE\codenation.exe;C:\instantclient_19_5;C:\Windows\System32\drivers\etc;C:\Users\PauloBelucciBelucci\AppData\Local\Microsoft\WindowsApps;C:\Users\PauloBelucciBelucci\AppData\Roaming\npm;C:\Users\PauloBelucciBelucci\AppData\Local\Yarn\bin;C:\Users\PauloBelucciBelucci\Desktop\CODENATION_REACT_CURSO\submissao_desafios;C:\Program Files\JetBrains\WebStorm 2019.3.2\bin;C:\MinGW\bin;C:\Users\PauloBelucciBelucci\AppData\Local\GitHubDesktop\bin;C:\Users\PauloBelucciBelucci\AppData\Local\Programs\Python\Python38-32\Scripts;C:\Program Files\JetBrains\PyCharm 2019.3.3\bin;C:\Program Files\JetBrains\WebStorm 2019.3.3\bin;C:\Program Files\JetBrains\CLion 2019.3.4\bin;C:\Program Files\JetBrains\IntelliJ IDEA 2019.3.4\bin;C:\Program Files (x86)\Java\jre1.8.0_251\bin;C:\Program Files (x86)\Python38-32;C:\Users\PauloBelucciBelucci\AppData\Local\Android\Sdk\platform-tools\adb.exe

Yarn version: 
  1.21.1

Node version: 
  12.14.1

Platform: 
  win32 x64

Trace: 
  Error: https://registry.yarnpkg.com/typescritp: Not found
      at Request.params.callback [as _callback] (C:\Program Files (x86)\Yarn\lib\cli.js:66056:18)
      at Request.self.callback (C:\Program Files (x86)\Yarn\lib\cli.js:140665:22)
      at Request.emit (events.js:223:5)
      at Request.<anonymous> (C:\Program Files (x86)\Yarn\lib\cli.js:141637:10)
      at Request.emit (events.js:223:5)
      at IncomingMessage.<anonymous> (C:\Program Files (x86)\Yarn\lib\cli.js:141559:12)
      at Object.onceWrapper (events.js:312:28)
      at IncomingMessage.emit (events.js:228:7)
      at endReadableNT (_stream_readable.js:1185:12)
      at processTicksAndRejections (internal/process/task_queues.js:81:21)

npm manifest: 
  {
    "name": "primeiro-projeto-node",
    "version": "1.0.0",
    "main": "index.js",
    "license": "MIT"
  }

yarn manifest: 
  No manifest

Lockfile: 
  No lockfile
